[1;34m[2026-05-14 16:05:08][0m Starting Aaron Linux build...
[1;34m[2026-05-14 16:05:08][0m ERROR: Must run as root!
[1;34m[2026-05-14 16:05:18][0m Starting Aaron Linux build...
[1;34m[2026-05-14 16:05:18][0m Creating LFS directory structure...
[1;34m[2026-05-14 16:05:18][0m Available disk space: 29G
[1;34m[2026-05-14 16:05:18][0m Setting up package sources...
[1;34m[2026-05-14 16:05:18][0m Created download script at: /workspaces/Aaron-Linux/scripts/packages/download.sh
[1;34m[2026-05-14 16:05:18][0m Run: bash /workspaces/Aaron-Linux/scripts/packages/download.sh
[1;34m[2026-05-14 16:05:18][0m STEP 1 COMPLETE - Run step 2 when ready
[1;34m[2026-05-14 16:21:38][0m Starting Aaron Linux build...
[1;34m[2026-05-14 16:21:38][0m ERROR: Must run as root!
[1;34m[2026-05-14 16:21:43][0m Starting Aaron Linux build...
[1;34m[2026-05-14 16:21:43][0m Creating LFS directory structure...
[1;34m[2026-05-14 16:21:43][0m Available disk space: 29G
[1;34m[2026-05-14 16:21:43][0m Setting up package sources...
[1;34m[2026-05-14 16:21:43][0m Created download script at: /workspaces/Aaron-Linux/scripts/packages/download.sh
[1;34m[2026-05-14 16:21:43][0m Run: bash /workspaces/Aaron-Linux/scripts/packages/download.sh
[1;34m[2026-05-14 16:21:43][0m STEP 1 COMPLETE - Run step 2 when ready
[1;34m[2026-05-14 16:23:26][0m Starting Aaron Linux build...
[1;34m[2026-05-14 16:23:26][0m Creating LFS directory structure...
[1;34m[2026-05-14 16:23:26][0m Available disk space: 29G
[1;34m[2026-05-14 16:23:26][0m Setting up package sources...
[1;34m[2026-05-14 16:23:26][0m Created download script at: /workspaces/Aaron-Linux/scripts/packages/download.sh
[1;34m[2026-05-14 16:23:26][0m Run: bash /workspaces/Aaron-Linux/scripts/packages/download.sh
[1;34m[2026-05-14 16:23:26][0m STEP 1 COMPLETE - Run step 2 when ready
[1;34m[2026-05-14 16:26:45][0m Starting Aaron Linux build...
[1;34m[2026-05-14 16:26:45][0m Creating LFS directory structure...
[1;34m[2026-05-14 16:26:45][0m Available disk space: 29G
[1;34m[2026-05-14 16:26:45][0m Setting up package sources...
[1;34m[2026-05-14 16:26:45][0m Created download script at: /workspaces/Aaron-Linux/scripts/packages/download.sh
[1;34m[2026-05-14 16:26:46][0m Running download script...
[1;34m[2026-05-14 16:29:08][0m STEP 1 COMPLETE
[1;34m[2026-05-14 17:44:57][0m Starting Aaron Linux build...
[1;34m[2026-05-14 17:44:57][0m Creating LFS directory structure...
[1;34m[2026-05-14 17:44:57][0m Available disk space: 27G
[1;34m[2026-05-14 17:44:57][0m Setting up package sources...
[1;34m[2026-05-14 17:44:58][0m Created download script at: /workspaces/Aaron-Linux/scripts/packages/download.sh
