[1;32m[2026-05-14 16:05:18][0m Starting toolchain build...
[1;32m[2026-05-14 16:05:18][0m Creating tools directory...
[1;32m[2026-05-14 16:05:18][0m Creating essential files...
[1;32m[2026-05-14 16:05:18][0m Toolchain setup complete!
[1;32m[2026-05-14 16:05:18][0m IMPORTANT: This script needs to run as root with lfs user created
[1;32m[2026-05-14 16:05:18][0m Continuing with binutils...
[1;32m[2026-05-14 16:05:18][0m Building Binutils Pass 1...
[1;32m[2026-05-14 16:21:43][0m Starting toolchain build...
[1;32m[2026-05-14 16:21:43][0m Creating tools directory...
[1;32m[2026-05-14 16:21:43][0m Creating essential files...
[1;32m[2026-05-14 16:21:43][0m Toolchain setup complete!
[1;32m[2026-05-14 16:21:43][0m IMPORTANT: This script needs to run as root with lfs user created
[1;32m[2026-05-14 16:21:43][0m Continuing with binutils...
[1;32m[2026-05-14 16:21:43][0m Building Binutils Pass 1...
[1;32m[2026-05-14 16:23:26][0m Starting toolchain build...
[1;32m[2026-05-14 16:23:26][0m Creating tools directory...
[1;32m[2026-05-14 16:23:26][0m Creating essential files...
[1;32m[2026-05-14 16:23:26][0m Toolchain setup complete!
[1;32m[2026-05-14 16:23:26][0m IMPORTANT: This script needs to run as root with lfs user created
[1;32m[2026-05-14 16:23:26][0m Continuing with binutils...
[1;32m[2026-05-14 16:23:26][0m Building Binutils Pass 1...
[1;32m[2026-05-14 16:29:08][0m Starting toolchain build...
[1;32m[2026-05-14 16:29:08][0m Creating tools directory...
[1;32m[2026-05-14 16:29:08][0m Creating essential files...
[1;32m[2026-05-14 16:29:08][0m Toolchain setup complete!
[1;32m[2026-05-14 16:29:08][0m IMPORTANT: This script needs to run as root with lfs user created
[1;32m[2026-05-14 16:29:08][0m Continuing with binutils...
[1;32m[2026-05-14 16:29:08][0m Building Binutils Pass 1...
[1;32m[2026-05-14 17:23:38][0m Starting toolchain build...
[1;32m[2026-05-14 17:23:38][0m Creating tools directory...
[1;32m[2026-05-14 17:23:38][0m Creating essential files...
[1;32m[2026-05-14 17:23:38][0m Toolchain setup complete!
[1;32m[2026-05-14 17:23:38][0m IMPORTANT: This script needs to run as root with lfs user created
[1;32m[2026-05-14 17:23:38][0m Continuing with binutils...
[1;32m[2026-05-14 17:23:38][0m Building Binutils Pass 1...
[1;32m[2026-05-14 17:25:58][0m Starting toolchain build...
[1;32m[2026-05-14 17:25:58][0m Creating tools directory...
[1;32m[2026-05-14 17:26:10][0m Starting toolchain build...
[1;32m[2026-05-14 17:26:10][0m Creating tools directory...
[1;32m[2026-05-14 17:26:10][0m Creating essential files...
[1;32m[2026-05-14 17:26:10][0m Toolchain setup complete!
[1;32m[2026-05-14 17:26:10][0m IMPORTANT: This script needs to run as root with lfs user created
[1;32m[2026-05-14 17:26:10][0m Continuing with binutils...
[1;32m[2026-05-14 17:26:10][0m Building Binutils Pass 1...
[1;32m[2026-05-14 17:30:15][0m Starting toolchain build...
[1;32m[2026-05-14 17:30:15][0m Creating tools directory...
[1;32m[2026-05-14 17:30:15][0m Creating essential files...
[1;32m[2026-05-14 17:30:15][0m Toolchain setup complete!
[1;32m[2026-05-14 17:30:15][0m IMPORTANT: This script needs to run as root with lfs user created
[1;32m[2026-05-14 17:30:15][0m Continuing with binutils...
[1;32m[2026-05-14 17:30:15][0m Building Binutils Pass 1...
